\BOOKMARK [0][-]{section*.2}{\376\377\000D\000e\000c\000l\000a\000r\000a\000t\000i\000o\000n\000\040\000o\000f\000\040\000A\000u\000t\000h\000o\000r\000s\000h\000i\000p}{}% 1
\BOOKMARK [0][-]{section*.5}{\376\377\000A\000c\000k\000n\000o\000w\000l\000e\000d\000g\000e\000m\000e\000n\000t\000s}{}% 2
\BOOKMARK [0][-]{chapter.7}{\376\377\000I\000n\000t\000r\000o\000d\000u\000c\000t\000i\000o\000n}{}% 3
\BOOKMARK [1][-]{section.8}{\376\377\000A\000i\000m}{chapter.7}% 4
\BOOKMARK [1][-]{section.9}{\376\377\000M\000o\000t\000i\000v\000a\000t\000i\000o\000n}{chapter.7}% 5
\BOOKMARK [1][-]{section.10}{\376\377\000R\000e\000s\000u\000l\000t\000s}{chapter.7}% 6
\BOOKMARK [1][-]{section.11}{\376\377\000O\000v\000e\000r\000v\000i\000e\000w\000\040\000o\000f\000\040\000r\000e\000p\000o\000r\000t}{chapter.7}% 7
\BOOKMARK [0][-]{chapter.12}{\376\377\000B\000a\000c\000k\000g\000r\000o\000u\000n\000d\000\040\000R\000e\000s\000e\000a\000r\000c\000h}{}% 8
\BOOKMARK [1][-]{section.13}{\376\377\000P\000o\000l\000i\000t\000i\000c\000s}{chapter.12}% 9
\BOOKMARK [2][-]{subsection.14}{\376\377\0002\0000\0001\0006\000\040\000U\000S\000\040\000E\000l\000e\000c\000t\000i\000o\000n\000s}{section.13}% 10
\BOOKMARK [2][-]{subsection.16}{\376\377\0002\0000\0001\0008\000\040\000U\000S\000\040\000M\000i\000d\000-\000T\000e\000r\000m\000\040\000E\000l\000e\000c\000t\000i\000o\000n}{section.13}% 11
\BOOKMARK [1][-]{section.17}{\376\377\000T\000w\000i\000t\000t\000e\000r\000\040\000j\000u\000n\000k}{chapter.12}% 12
\BOOKMARK [1][-]{section.18}{\376\377\000R\000a\000n\000d\000o\000m\000\040\000F\000o\000r\000e\000s\000t}{chapter.12}% 13
\BOOKMARK [1][-]{section.21}{\376\377\000D\000e\000e\000p\000\040\000L\000e\000a\000r\000n\000i\000n\000g\000\050\000N\000e\000u\000r\000a\000l\000\040\000N\000e\000t\000w\000o\000r\000k\000s\000\051}{chapter.12}% 14
\BOOKMARK [1][-]{section.23}{\376\377\000E\000x\000i\000s\000t\000i\000n\000g\000\040\000S\000y\000s\000t\000e\000m\000s}{chapter.12}% 15
\BOOKMARK [2][-]{subsection.24}{\376\377\000T\000w\000e\000e\000t\000b\000o\000t\000o\000r\000n\000o\000t}{section.23}% 16
\BOOKMARK [2][-]{subsection.25}{\376\377\000D\000e\000B\000o\000t}{section.23}% 17
\BOOKMARK [0][-]{chapter.26}{\376\377\000P\000l\000a\000n\000n\000i\000n\000g}{}% 18
\BOOKMARK [1][-]{section.27}{\376\377\000G\000a\000n\000t\000t\000\040\000c\000h\000a\000r\000t}{chapter.26}% 19
\BOOKMARK [1][-]{section.29}{\376\377\000P\000r\000o\000g\000r\000e\000s\000s\000\040\000L\000o\000g\000s}{chapter.26}% 20
\BOOKMARK [1][-]{section.30}{\376\377\000V\000e\000r\000s\000i\000o\000n\000\040\000C\000o\000n\000t\000r\000o\000l}{chapter.26}% 21
\BOOKMARK [0][-]{chapter.32}{\376\377\000S\000y\000s\000t\000e\000m\000\040\000D\000e\000s\000i\000g\000n}{}% 22
\BOOKMARK [1][-]{section.33}{\376\377\000M\000e\000t\000h\000o\000d}{chapter.32}% 23
\BOOKMARK [1][-]{section.34}{\376\377\000S\000y\000s\000t\000e\000m\000\040\000R\000e\000q\000u\000i\000r\000e\000m\000e\000n\000t\000s}{chapter.32}% 24
\BOOKMARK [1][-]{section.39}{\376\377\000A\000l\000g\000o\000r\000i\000t\000h\000m}{chapter.32}% 25
\BOOKMARK [1][-]{section.40}{\376\377\000D\000a\000t\000a}{chapter.32}% 26
\BOOKMARK [1][-]{section.41}{\376\377\000L\000a\000n\000g\000u\000a\000g\000e}{chapter.32}% 27
\BOOKMARK [2][-]{subsection.42}{\376\377\000S\000k\000l\000e\000a\000r\000n}{section.41}% 28
\BOOKMARK [2][-]{subsection.43}{\376\377\000K\000e\000r\000a\000s}{section.41}% 29
\BOOKMARK [2][-]{subsection.44}{\376\377\000N\000u\000m\000p\000y}{section.41}% 30
\BOOKMARK [2][-]{subsection.45}{\376\377\000M\000a\000t\000p\000l\000o\000t\000l\000i\000b}{section.41}% 31
\BOOKMARK [0][-]{chapter.46}{\376\377\000I\000m\000p\000l\000e\000m\000e\000n\000t\000a\000t\000i\000o\000n}{}% 32
\BOOKMARK [1][-]{section.47}{\376\377\000P\000r\000e\000p\000r\000o\000c\000e\000s\000s\000i\000n\000g}{chapter.46}% 33
\BOOKMARK [1][-]{section.77}{\376\377\000R\000a\000n\000d\000o\000m\000\040\000F\000o\000r\000e\000s\000t\000\040\000i\000m\000p\000l\000e\000m\000e\000n\000t\000a\000t\000i\000o\000n}{chapter.46}% 34
\BOOKMARK [1][-]{section.220}{\376\377\000S\000k\000l\000e\000a\000r\000n\000\040\000i\000m\000p\000l\000e\000m\000e\000n\000t\000a\000t\000i\000o\000n}{chapter.46}% 35
\BOOKMARK [1][-]{section.249}{\376\377\000A\000r\000t\000i\000f\000i\000c\000i\000a\000l\000\040\000N\000e\000u\000r\000a\000l\000\040\000N\000e\000t\000w\000o\000r\000k\000\050\000A\000N\000N\000\051}{chapter.46}% 36
\BOOKMARK [1][-]{section.268}{\376\377\000T\000e\000s\000t\000i\000n\000g}{chapter.46}% 37
\BOOKMARK [2][-]{subsection.269}{\376\377\000C\000r\000o\000s\000s\000\040\000V\000a\000l\000i\000d\000a\000t\000i\000o\000n}{section.268}% 38
\BOOKMARK [2][-]{subsection.270}{\376\377\000V\000a\000l\000i\000d\000a\000t\000i\000o\000n\000\040\000s\000e\000t}{section.268}% 39
\BOOKMARK [0][-]{chapter.271}{\376\377\000R\000e\000s\000u\000l\000t\000s}{}% 40
\BOOKMARK [1][-]{section.272}{\376\377\000R\000a\000n\000d\000o\000m\000\040\000F\000o\000r\000e\000s\000t\000\040\000w\000i\000t\000h\000o\000u\000t\000\040\000S\000k\000l\000e\000a\000r\000n}{chapter.271}% 41
\BOOKMARK [2][-]{subsection.273}{\376\377\000I\000n\000t\000e\000r\000p\000r\000e\000t\000a\000t\000i\000o\000n\000\040\000o\000f\000\040\000r\000e\000s\000u\000l\000t\000s}{section.272}% 42
\BOOKMARK [1][-]{section.274}{\376\377\000R\000a\000n\000d\000o\000m\000\040\000F\000o\000r\000e\000s\000t\000\040\000w\000i\000t\000h\000\040\000S\000k\000l\000e\000a\000r\000n}{chapter.271}% 43
\BOOKMARK [2][-]{subsection.275}{\376\377\000I\000n\000t\000e\000r\000p\000r\000e\000t\000a\000t\000i\000o\000n\000\040\000o\000f\000\040\000r\000e\000s\000u\000l\000t\000s}{section.274}% 44
\BOOKMARK [1][-]{section.277}{\376\377\000N\000e\000u\000r\000a\000l\000\040\000N\000e\000t\000w\000o\000r\000k\000\050\000N\000N\000\051\000\040\000m\000o\000d\000e\000l}{chapter.271}% 45
\BOOKMARK [0][-]{chapter.281}{\376\377\000C\000o\000n\000c\000l\000u\000s\000i\000o\000n}{}% 46
\BOOKMARK [1][-]{section.282}{\376\377\000S\000y\000s\000t\000e\000m\000\040\000s\000u\000c\000c\000e\000s\000s\000e\000s}{chapter.281}% 47
\BOOKMARK [1][-]{section.283}{\376\377\000S\000y\000s\000t\000e\000m\000\040\000f\000a\000i\000l\000u\000r\000e\000s}{chapter.281}% 48
\BOOKMARK [1][-]{section.284}{\376\377\000F\000u\000t\000u\000r\000e\000\040\000w\000o\000r\000k}{chapter.281}% 49
\BOOKMARK [2][-]{subsection.285}{\376\377\000A\000l\000g\000o\000r\000i\000t\000h\000m\000s}{section.284}% 50
\BOOKMARK [2][-]{subsection.286}{\376\377\000C\000o\000m\000b\000i\000n\000i\000n\000g\000\040\000a\000l\000g\000o\000r\000i\000t\000h\000m\000s}{section.284}% 51
\BOOKMARK [2][-]{subsection.287}{\376\377\000E\000x\000p\000a\000n\000d\000i\000n\000g\000\040\000f\000e\000a\000t\000u\000r\000e\000s}{section.284}% 52
\BOOKMARK [2][-]{subsection.288}{\376\377\000T\000w\000e\000e\000t\000s}{section.284}% 53
\BOOKMARK [2][-]{subsection.289}{\376\377\000T\000w\000i\000t\000t\000e\000r\000\040\000i\000n\000t\000e\000g\000r\000a\000t\000i\000o\000n}{section.284}% 54
\BOOKMARK [0][-]{chapter*.290}{\376\377\000B\000i\000b\000l\000i\000o\000g\000r\000a\000p\000h\000y}{}% 55
\BOOKMARK [0][-]{appendix.291}{\376\377\000C\000o\000d\000e}{}% 56
\BOOKMARK [1][-]{section.292}{\376\377\000p\000r\000e\000p\000r\000o\000c\000e\000s\000s\000i\000n\000g\000.\000p\000y}{appendix.291}% 57
\BOOKMARK [1][-]{section.324}{\376\377\000r\000a\000n\000d\000o\000m\000\137\000f\000o\000r\000e\000s\000t\000.\000p\000y}{appendix.291}% 58
\BOOKMARK [1][-]{section.547}{\376\377\000s\000k\000l\000e\000a\000r\000n\000R\000F\000.\000p\000y}{appendix.291}% 59
\BOOKMARK [1][-]{section.630}{\376\377\000A\000N\000N\000.\000p\000y}{appendix.291}% 60
\BOOKMARK [0][-]{appendix.788}{\376\377\000W\000e\000e\000k\000l\000y\000\040\000l\000o\000g\000s}{}% 61
\BOOKMARK [1][-]{section.789}{\376\377\000W\000e\000e\000k\0001}{appendix.788}% 62
\BOOKMARK [1][-]{section.790}{\376\377\000W\000e\000e\000k\0002}{appendix.788}% 63
\BOOKMARK [1][-]{section.791}{\376\377\000W\000e\000e\000k\0003}{appendix.788}% 64
\BOOKMARK [1][-]{section.792}{\376\377\000W\000e\000e\000k\0004}{appendix.788}% 65
\BOOKMARK [1][-]{section.793}{\376\377\000W\000e\000e\000k\0005}{appendix.788}% 66
\BOOKMARK [1][-]{section.794}{\376\377\000W\000e\000e\000k\0006}{appendix.788}% 67
\BOOKMARK [1][-]{section.795}{\376\377\000W\000e\000e\000k\0007}{appendix.788}% 68
\BOOKMARK [1][-]{section.796}{\376\377\000W\000e\000e\000k\0008}{appendix.788}% 69
\BOOKMARK [0][-]{appendix.797}{\376\377\000P\000P\000R}{}% 70
