\BOOKMARK [0][-]{chapter.3}{\376\377\000I\000n\000t\000r\000o\000d\000u\000c\000t\000i\000o\000n}{}% 1
\BOOKMARK [1][-]{section.4}{\376\377\000A\000i\000m}{chapter.3}% 2
\BOOKMARK [0][-]{chapter.5}{\376\377\000B\000a\000c\000k\000g\000r\000o\000u\000n\000d\000\040\000R\000e\000s\000e\000a\000r\000c\000h}{}% 3
\BOOKMARK [1][-]{section.6}{\376\377\000P\000o\000l\000i\000t\000i\000c\000s}{chapter.5}% 4
\BOOKMARK [2][-]{subsection.7}{\376\377\0002\0000\0001\0006\000\040\000U\000S\000\040\000E\000l\000e\000c\000t\000i\000o\000n\000s}{section.6}% 5
\BOOKMARK [2][-]{subsection.9}{\376\377\0002\0000\0001\0008\000\040\000U\000S\000\040\000M\000i\000d\000-\000T\000e\000r\000m\000\040\000E\000l\000e\000c\000t\000i\000o\000n}{section.6}% 6
\BOOKMARK [1][-]{section.10}{\376\377\000T\000w\000i\000t\000t\000e\000r\000\040\000j\000u\000n\000k}{chapter.5}% 7
\BOOKMARK [1][-]{section.11}{\376\377\000E\000x\000i\000s\000t\000i\000n\000g\000\040\000S\000y\000s\000t\000e\000m\000s}{chapter.5}% 8
\BOOKMARK [2][-]{subsection.12}{\376\377\000T\000w\000e\000e\000t\000b\000o\000t\000o\000r\000n\000o\000t}{section.11}% 9
\BOOKMARK [2][-]{subsection.13}{\376\377\000D\000e\000B\000o\000t}{section.11}% 10
\BOOKMARK [0][-]{chapter.14}{\376\377\000S\000y\000s\000t\000e\000m\000\040\000D\000e\000s\000i\000g\000n}{}% 11
\BOOKMARK [1][-]{section.15}{\376\377\000M\000e\000t\000h\000o\000d}{chapter.14}% 12
\BOOKMARK [1][-]{section.16}{\376\377\000S\000y\000s\000t\000e\000m\000\040\000R\000e\000q\000u\000i\000r\000e\000m\000e\000n\000t\000s}{chapter.14}% 13
\BOOKMARK [1][-]{section.21}{\376\377\000A\000l\000g\000o\000r\000i\000t\000h\000m}{chapter.14}% 14
\BOOKMARK [2][-]{subsection.22}{\376\377\000R\000a\000n\000d\000o\000m\000\040\000F\000o\000r\000e\000s\000t}{section.21}% 15
\BOOKMARK [2][-]{subsection.25}{\376\377\000D\000a\000t\000a}{section.21}% 16
\BOOKMARK [2][-]{subsection.26}{\376\377\000T\000w\000i\000t\000t\000e\000r\000\040\000A\000P\000I}{section.21}% 17
\BOOKMARK [0][-]{chapter.27}{\376\377\000P\000l\000a\000n\000n\000i\000n\000g}{}% 18
\BOOKMARK [1][-]{section.28}{\376\377\000G\000a\000n\000t\000t\000\040\000c\000h\000a\000r\000t}{chapter.27}% 19
\BOOKMARK [1][-]{section.30}{\376\377\000P\000r\000o\000g\000r\000e\000s\000s\000\040\000L\000o\000g\000s}{chapter.27}% 20
\BOOKMARK [1][-]{section.31}{\376\377\000V\000e\000r\000s\000i\000o\000n\000\040\000C\000o\000n\000t\000r\000o\000l}{chapter.27}% 21
\BOOKMARK [0][-]{appendix*.33}{\376\377\000B\000i\000b\000l\000i\000o\000g\000r\000a\000p\000h\000y}{}% 22
